============================= test session starts =============================
platform win32 -- Python 3.14.3, pytest-9.1.1, pluggy-1.6.0 -- C:\Python314\python.exe
cachedir: .pytest_cache
rootdir: C:\Users\sarth\.gemini\antigravity\scratch\qvera\backend
plugins: anyio-4.15.1
collecting ... collected 0 items / 1 error

=================================== ERRORS ====================================
____________________ ERROR collecting tests/test_qvera.py _____________________
ImportError while importing test module 'C:\Users\sarth\.gemini\antigravity\scratch\qvera\backend\tests\test_qvera.py'.
Hint: make sure your test modules/packages have valid Python names.
Traceback:
C:\Users\sarth\AppData\Roaming\Python\Python314\site-packages\_pytest\python.py:508: in importtestmodule
    mod = import_path(
C:\Users\sarth\AppData\Roaming\Python\Python314\site-packages\_pytest\pathlib.py:596: in import_path
    importlib.import_module(module_name)
C:\Python314\Lib\importlib\__init__.py:88: in import_module
    return _bootstrap._gcd_import(name[level:], package, level)
           ^^^^^^^^^^^^^^^^^^^^^^^^^^^^^^^^^^^^^^^^^^^^^^^^^^^^
<frozen importlib._bootstrap>:1398: in _gcd_import
    ???
<frozen importlib._bootstrap>:1371: in _find_and_load
    ???
<frozen importlib._bootstrap>:1342: in _find_and_load_unlocked
    ???
<frozen importlib._bootstrap>:938: in _load_unlocked
    ???
C:\Users\sarth\AppData\Roaming\Python\Python314\site-packages\_pytest\assertion\rewrite.py:188: in exec_module
    exec(co, module.__dict__)
tests\test_qvera.py:3: in <module>
    from fastapi.testclient import TestClient
E   ModuleNotFoundError: No module named 'fastapi'
=========================== short test summary info ===========================
ERROR tests/test_qvera.py
!!!!!!!!!!!!!!!!!!! Interrupted: 1 error during collection !!!!!!!!!!!!!!!!!!!!
============================== 1 error in 0.26s ===============================
